<?xml version="1.0" encoding="UTF-8"?>
<testng-results skipped="0" failed="0" ignored="0" total="1" passed="1">
  <reporter-output>
  </reporter-output>
  <suite name="Default suite" duration-ms="10738" started-at="2017-07-17T04:27:00Z" finished-at="2017-07-17T04:27:11Z">
    <groups>
    </groups>
    <test name="Default test" duration-ms="10738" started-at="2017-07-17T04:27:00Z" finished-at="2017-07-17T04:27:11Z">
      <class name="com.selenium.framework.seleniumFrameworl.BrowserDriver">
        <test-method status="PASS" signature="Browser_Init()[pri:0, instance:com.selenium.framework.seleniumFrameworl.BrowserDriver@66a3ffec]" name="Browser_Init" is-config="true" duration-ms="3339" started-at="2017-07-17T09:57:00Z" finished-at="2017-07-17T09:57:04Z">
          <reporter-output>
          </reporter-output>
        </test-method> <!-- Browser_Init -->
        <test-method status="PASS" signature="BrowserLauncher()[pri:0, instance:com.selenium.framework.seleniumFrameworl.BrowserDriver@66a3ffec]" name="BrowserLauncher" duration-ms="6839" started-at="2017-07-17T09:57:04Z" finished-at="2017-07-17T09:57:11Z">
          <reporter-output>
          </reporter-output>
        </test-method> <!-- BrowserLauncher -->
        <test-method status="PASS" signature="cleanUp()[pri:0, instance:com.selenium.framework.seleniumFrameworl.BrowserDriver@66a3ffec]" name="cleanUp" is-config="true" duration-ms="541" started-at="2017-07-17T09:57:11Z" finished-at="2017-07-17T09:57:11Z">
          <reporter-output>
          </reporter-output>
        </test-method> <!-- cleanUp -->
      </class> <!-- com.selenium.framework.seleniumFrameworl.BrowserDriver -->
    </test> <!-- Default test -->
  </suite> <!-- Default suite -->
</testng-results>
